2018-10-27 14:55:37.736  INFO 2712 --- [main] c.i.p.m.service.MerchantsServTest        : Starting MerchantsServTest on DESKTOP-CVU2035 with PID 2712 (started by AugustRush in D:\MyPro\idea_pro)
2018-10-27 14:55:37.736  INFO 2712 --- [main] c.i.p.m.service.MerchantsServTest        : No active profile set, falling back to default profiles: default
2018-10-27 14:55:37.765  INFO 2712 --- [main] s.c.a.AnnotationConfigApplicationContext : Refreshing org.springframework.context.annotation.AnnotationConfigApplicationContext@534a5a98: startup date [Sat Oct 27 14:55:37 CST 2018]; root of context hierarchy
2018-10-27 14:55:39.126  INFO 2712 --- [main] trationDelegate$BeanPostProcessorChecker : Bean 'org.springframework.kafka.annotation.KafkaBootstrapConfiguration' of type [org.springframework.kafka.annotation.KafkaBootstrapConfiguration$$EnhancerBySpringCGLIB$$6c09a242] is not eligible for getting processed by all BeanPostProcessors (for example: not eligible for auto-proxying)
2018-10-27 14:55:40.094  INFO 2712 --- [main] j.LocalContainerEntityManagerFactoryBean : Building JPA container EntityManagerFactory for persistence unit 'default'
2018-10-27 14:55:40.112  INFO 2712 --- [main] o.hibernate.jpa.internal.util.LogHelper  : HHH000204: Processing PersistenceUnitInfo [
	name: default
	...]
2018-10-27 14:55:40.243  INFO 2712 --- [main] org.hibernate.Version                    : HHH000412: Hibernate Core {5.0.12.Final}
2018-10-27 14:55:40.244  INFO 2712 --- [main] org.hibernate.cfg.Environment            : HHH000206: hibernate.properties not found
2018-10-27 14:55:40.245  INFO 2712 --- [main] org.hibernate.cfg.Environment            : HHH000021: Bytecode provider name : javassist
2018-10-27 14:55:40.302  INFO 2712 --- [main] o.hibernate.annotations.common.Version   : HCANN000001: Hibernate Commons Annotations {5.0.1.Final}
2018-10-27 14:55:40.439  INFO 2712 --- [main] org.hibernate.dialect.Dialect            : HHH000400: Using dialect: org.hibernate.dialect.MySQL5Dialect
2018-10-27 14:55:40.965  INFO 2712 --- [main] j.LocalContainerEntityManagerFactoryBean : Initialized JPA EntityManagerFactory for persistence unit 'default'
2018-10-27 14:55:41.580  INFO 2712 --- [main] o.s.c.support.DefaultLifecycleProcessor  : Starting beans in phase 2147483647
2018-10-27 14:55:41.588  INFO 2712 --- [main] c.i.p.m.service.MerchantsServTest        : Started MerchantsServTest in 4.413 seconds (JVM running for 5.628)
2018-10-27 14:55:41.678  INFO 2712 --- [main] o.h.h.i.QueryTranslatorFactoryInitiator  : HHH000397: Using ASTQueryTranslatorFactory
2018-10-27 14:55:41.793  WARN 2712 --- [main] o.h.engine.jdbc.spi.SqlExceptionHelper   : SQL Error: 1146, SQLState: 42S02
2018-10-27 14:55:41.793 ERROR 2712 --- [main] o.h.engine.jdbc.spi.SqlExceptionHelper   : Table 'passbook.merchants' doesn't exist
2018-10-27 14:55:41.827  INFO 2712 --- [Thread-3] s.c.a.AnnotationConfigApplicationContext : Closing org.springframework.context.annotation.AnnotationConfigApplicationContext@534a5a98: startup date [Sat Oct 27 14:55:37 CST 2018]; root of context hierarchy
2018-10-27 14:55:41.829  INFO 2712 --- [Thread-3] o.s.c.support.DefaultLifecycleProcessor  : Stopping beans in phase 2147483647
2018-10-27 14:55:41.829  INFO 2712 --- [Thread-3] o.s.c.support.DefaultLifecycleProcessor  : Stopping beans in phase 0
2018-10-27 14:55:41.830  INFO 2712 --- [Thread-3] j.LocalContainerEntityManagerFactoryBean : Closing JPA EntityManagerFactory for persistence unit 'default'
2018-10-27 14:57:37.663  INFO 15416 --- [main] c.i.p.m.service.MerchantsServTest        : Starting MerchantsServTest on DESKTOP-CVU2035 with PID 15416 (started by AugustRush in D:\MyPro\idea_pro)
2018-10-27 14:57:37.665  INFO 15416 --- [main] c.i.p.m.service.MerchantsServTest        : No active profile set, falling back to default profiles: default
2018-10-27 14:57:37.708  INFO 15416 --- [main] s.c.a.AnnotationConfigApplicationContext : Refreshing org.springframework.context.annotation.AnnotationConfigApplicationContext@534a5a98: startup date [Sat Oct 27 14:57:37 CST 2018]; root of context hierarchy
2018-10-27 14:57:38.621  INFO 15416 --- [main] trationDelegate$BeanPostProcessorChecker : Bean 'org.springframework.kafka.annotation.KafkaBootstrapConfiguration' of type [org.springframework.kafka.annotation.KafkaBootstrapConfiguration$$EnhancerBySpringCGLIB$$a6fc3f3a] is not eligible for getting processed by all BeanPostProcessors (for example: not eligible for auto-proxying)
2018-10-27 14:57:39.243  INFO 15416 --- [main] j.LocalContainerEntityManagerFactoryBean : Building JPA container EntityManagerFactory for persistence unit 'default'
2018-10-27 14:57:39.255  INFO 15416 --- [main] o.hibernate.jpa.internal.util.LogHelper  : HHH000204: Processing PersistenceUnitInfo [
	name: default
	...]
2018-10-27 14:57:39.302  INFO 15416 --- [main] org.hibernate.Version                    : HHH000412: Hibernate Core {5.0.12.Final}
2018-10-27 14:57:39.304  INFO 15416 --- [main] org.hibernate.cfg.Environment            : HHH000206: hibernate.properties not found
2018-10-27 14:57:39.306  INFO 15416 --- [main] org.hibernate.cfg.Environment            : HHH000021: Bytecode provider name : javassist
2018-10-27 14:57:39.337  INFO 15416 --- [main] o.hibernate.annotations.common.Version   : HCANN000001: Hibernate Commons Annotations {5.0.1.Final}
2018-10-27 14:57:39.417  INFO 15416 --- [main] org.hibernate.dialect.Dialect            : HHH000400: Using dialect: org.hibernate.dialect.MySQL5Dialect
2018-10-27 14:57:39.872  INFO 15416 --- [main] j.LocalContainerEntityManagerFactoryBean : Initialized JPA EntityManagerFactory for persistence unit 'default'
2018-10-27 14:57:40.413  INFO 15416 --- [main] o.s.c.support.DefaultLifecycleProcessor  : Starting beans in phase 2147483647
2018-10-27 14:57:40.421  INFO 15416 --- [main] c.i.p.m.service.MerchantsServTest        : Started MerchantsServTest in 3.145 seconds (JVM running for 4.12)
2018-10-27 14:57:40.477  INFO 15416 --- [main] o.h.h.i.QueryTranslatorFactoryInitiator  : HHH000397: Using ASTQueryTranslatorFactory
2018-10-27 14:57:40.939  INFO 15416 --- [Thread-3] s.c.a.AnnotationConfigApplicationContext : Closing org.springframework.context.annotation.AnnotationConfigApplicationContext@534a5a98: startup date [Sat Oct 27 14:57:37 CST 2018]; root of context hierarchy
2018-10-27 14:57:40.941  INFO 15416 --- [Thread-3] o.s.c.support.DefaultLifecycleProcessor  : Stopping beans in phase 2147483647
2018-10-27 14:57:40.941  INFO 15416 --- [Thread-3] o.s.c.support.DefaultLifecycleProcessor  : Stopping beans in phase 0
2018-10-27 14:57:40.942  INFO 15416 --- [Thread-3] j.LocalContainerEntityManagerFactoryBean : Closing JPA EntityManagerFactory for persistence unit 'default'
2018-10-27 14:58:25.798  INFO 15500 --- [main] c.i.p.m.service.MerchantsServTest        : Starting MerchantsServTest on DESKTOP-CVU2035 with PID 15500 (started by AugustRush in D:\MyPro\idea_pro)
2018-10-27 14:58:25.800  INFO 15500 --- [main] c.i.p.m.service.MerchantsServTest        : No active profile set, falling back to default profiles: default
2018-10-27 14:58:25.823  INFO 15500 --- [main] s.c.a.AnnotationConfigApplicationContext : Refreshing org.springframework.context.annotation.AnnotationConfigApplicationContext@4f80542f: startup date [Sat Oct 27 14:58:25 CST 2018]; root of context hierarchy
2018-10-27 14:58:26.707  INFO 15500 --- [main] trationDelegate$BeanPostProcessorChecker : Bean 'org.springframework.kafka.annotation.KafkaBootstrapConfiguration' of type [org.springframework.kafka.annotation.KafkaBootstrapConfiguration$$EnhancerBySpringCGLIB$$a33dd970] is not eligible for getting processed by all BeanPostProcessors (for example: not eligible for auto-proxying)
2018-10-27 14:58:27.275  INFO 15500 --- [main] j.LocalContainerEntityManagerFactoryBean : Building JPA container EntityManagerFactory for persistence unit 'default'
2018-10-27 14:58:27.287  INFO 15500 --- [main] o.hibernate.jpa.internal.util.LogHelper  : HHH000204: Processing PersistenceUnitInfo [
	name: default
	...]
2018-10-27 14:58:27.337  INFO 15500 --- [main] org.hibernate.Version                    : HHH000412: Hibernate Core {5.0.12.Final}
2018-10-27 14:58:27.338  INFO 15500 --- [main] org.hibernate.cfg.Environment            : HHH000206: hibernate.properties not found
2018-10-27 14:58:27.339  INFO 15500 --- [main] org.hibernate.cfg.Environment            : HHH000021: Bytecode provider name : javassist
2018-10-27 14:58:27.371  INFO 15500 --- [main] o.hibernate.annotations.common.Version   : HCANN000001: Hibernate Commons Annotations {5.0.1.Final}
2018-10-27 14:58:27.457  INFO 15500 --- [main] org.hibernate.dialect.Dialect            : HHH000400: Using dialect: org.hibernate.dialect.MySQL5Dialect
2018-10-27 14:58:27.973  INFO 15500 --- [main] j.LocalContainerEntityManagerFactoryBean : Initialized JPA EntityManagerFactory for persistence unit 'default'
2018-10-27 14:58:28.538  INFO 15500 --- [main] o.s.c.support.DefaultLifecycleProcessor  : Starting beans in phase 2147483647
2018-10-27 14:58:28.545  INFO 15500 --- [main] c.i.p.m.service.MerchantsServTest        : Started MerchantsServTest in 3.19 seconds (JVM running for 3.976)
2018-10-27 14:58:28.595  INFO 15500 --- [main] o.h.h.i.QueryTranslatorFactoryInitiator  : HHH000397: Using ASTQueryTranslatorFactory
2018-10-27 14:58:28.814  INFO 15500 --- [Thread-3] s.c.a.AnnotationConfigApplicationContext : Closing org.springframework.context.annotation.AnnotationConfigApplicationContext@4f80542f: startup date [Sat Oct 27 14:58:25 CST 2018]; root of context hierarchy
2018-10-27 14:58:28.816  INFO 15500 --- [Thread-3] o.s.c.support.DefaultLifecycleProcessor  : Stopping beans in phase 2147483647
2018-10-27 14:58:28.816  INFO 15500 --- [Thread-3] o.s.c.support.DefaultLifecycleProcessor  : Stopping beans in phase 0
2018-10-27 14:58:28.817  INFO 15500 --- [Thread-3] j.LocalContainerEntityManagerFactoryBean : Closing JPA EntityManagerFactory for persistence unit 'default'
2018-10-27 15:45:25.539  INFO 17704 --- [main] c.i.p.m.service.MerchantsServTest        : Starting MerchantsServTest on DESKTOP-CVU2035 with PID 17704 (started by AugustRush in D:\MyPro\idea_pro)
2018-10-27 15:45:25.539  INFO 17704 --- [main] c.i.p.m.service.MerchantsServTest        : No active profile set, falling back to default profiles: default
2018-10-27 15:45:25.563  INFO 17704 --- [main] s.c.a.AnnotationConfigApplicationContext : Refreshing org.springframework.context.annotation.AnnotationConfigApplicationContext@60bd273d: startup date [Sat Oct 27 15:45:25 CST 2018]; root of context hierarchy
2018-10-27 15:45:26.770  INFO 17704 --- [main] trationDelegate$BeanPostProcessorChecker : Bean 'org.springframework.kafka.annotation.KafkaBootstrapConfiguration' of type [org.springframework.kafka.annotation.KafkaBootstrapConfiguration$$EnhancerBySpringCGLIB$$fffd4bd5] is not eligible for getting processed by all BeanPostProcessors (for example: not eligible for auto-proxying)
2018-10-27 15:45:27.561  INFO 17704 --- [main] j.LocalContainerEntityManagerFactoryBean : Building JPA container EntityManagerFactory for persistence unit 'default'
2018-10-27 15:45:27.578  INFO 17704 --- [main] o.hibernate.jpa.internal.util.LogHelper  : HHH000204: Processing PersistenceUnitInfo [
	name: default
	...]
2018-10-27 15:45:27.691  INFO 17704 --- [main] org.hibernate.Version                    : HHH000412: Hibernate Core {5.0.12.Final}
2018-10-27 15:45:27.692  INFO 17704 --- [main] org.hibernate.cfg.Environment            : HHH000206: hibernate.properties not found
2018-10-27 15:45:27.693  INFO 17704 --- [main] org.hibernate.cfg.Environment            : HHH000021: Bytecode provider name : javassist
2018-10-27 15:45:27.782  INFO 17704 --- [main] o.hibernate.annotations.common.Version   : HCANN000001: Hibernate Commons Annotations {5.0.1.Final}
2018-10-27 15:45:27.896  INFO 17704 --- [main] org.hibernate.dialect.Dialect            : HHH000400: Using dialect: org.hibernate.dialect.MySQL5Dialect
2018-10-27 15:45:28.456  INFO 17704 --- [main] j.LocalContainerEntityManagerFactoryBean : Initialized JPA EntityManagerFactory for persistence unit 'default'
2018-10-27 15:45:29.172  INFO 17704 --- [main] o.s.c.support.DefaultLifecycleProcessor  : Starting beans in phase 2147483647
2018-10-27 15:45:29.179  INFO 17704 --- [main] c.i.p.m.service.MerchantsServTest        : Started MerchantsServTest in 3.989 seconds (JVM running for 4.755)
2018-10-27 15:45:29.294  INFO 17704 --- [main] o.h.h.i.QueryTranslatorFactoryInitiator  : HHH000397: Using ASTQueryTranslatorFactory
2018-10-27 15:45:29.647  INFO 17704 --- [main] o.a.k.clients.producer.ProducerConfig    : ProducerConfig values: 
	metric.reporters = []
	metadata.max.age.ms = 300000
	reconnect.backoff.ms = 50
	sasl.kerberos.ticket.renew.window.factor = 0.8
	bootstrap.servers = [127.0.0.1:9092]
	ssl.keystore.type = JKS
	sasl.mechanism = GSSAPI
	max.block.ms = 60000
	interceptor.classes = null
	ssl.truststore.password = null
	client.id = 
	ssl.endpoint.identification.algorithm = null
	request.timeout.ms = 30000
	acks = 1
	receive.buffer.bytes = 32768
	ssl.truststore.type = JKS
	retries = 0
	ssl.truststore.location = null
	ssl.keystore.password = null
	send.buffer.bytes = 131072
	compression.type = none
	metadata.fetch.timeout.ms = 60000
	retry.backoff.ms = 100
	sasl.kerberos.kinit.cmd = /usr/bin/kinit
	buffer.memory = 33554432
	timeout.ms = 30000
	key.serializer = class org.apache.kafka.common.serialization.StringSerializer
	sasl.kerberos.service.name = null
	sasl.kerberos.ticket.renew.jitter = 0.05
	ssl.trustmanager.algorithm = PKIX
	block.on.buffer.full = false
	ssl.key.password = null
	sasl.kerberos.min.time.before.relogin = 60000
	connections.max.idle.ms = 540000
	max.in.flight.requests.per.connection = 5
	metrics.num.samples = 2
	ssl.protocol = TLS
	ssl.provider = null
	ssl.enabled.protocols = [TLSv1.2, TLSv1.1, TLSv1]
	batch.size = 16384
	ssl.keystore.location = null
	ssl.cipher.suites = null
	security.protocol = PLAINTEXT
	max.request.size = 1048576
	value.serializer = class org.apache.kafka.common.serialization.StringSerializer
	ssl.keymanager.algorithm = SunX509
	metrics.sample.window.ms = 30000
	partitioner.class = class org.apache.kafka.clients.producer.internals.DefaultPartitioner
	linger.ms = 0

2018-10-27 15:45:29.681  INFO 17704 --- [main] o.a.k.clients.producer.ProducerConfig    : ProducerConfig values: 
	metric.reporters = []
	metadata.max.age.ms = 300000
	reconnect.backoff.ms = 50
	sasl.kerberos.ticket.renew.window.factor = 0.8
	bootstrap.servers = [127.0.0.1:9092]
	ssl.keystore.type = JKS
	sasl.mechanism = GSSAPI
	max.block.ms = 60000
	interceptor.classes = null
	ssl.truststore.password = null
	client.id = producer-1
	ssl.endpoint.identification.algorithm = null
	request.timeout.ms = 30000
	acks = 1
	receive.buffer.bytes = 32768
	ssl.truststore.type = JKS
	retries = 0
	ssl.truststore.location = null
	ssl.keystore.password = null
	send.buffer.bytes = 131072
	compression.type = none
	metadata.fetch.timeout.ms = 60000
	retry.backoff.ms = 100
	sasl.kerberos.kinit.cmd = /usr/bin/kinit
	buffer.memory = 33554432
	timeout.ms = 30000
	key.serializer = class org.apache.kafka.common.serialization.StringSerializer
	sasl.kerberos.service.name = null
	sasl.kerberos.ticket.renew.jitter = 0.05
	ssl.trustmanager.algorithm = PKIX
	block.on.buffer.full = false
	ssl.key.password = null
	sasl.kerberos.min.time.before.relogin = 60000
	connections.max.idle.ms = 540000
	max.in.flight.requests.per.connection = 5
	metrics.num.samples = 2
	ssl.protocol = TLS
	ssl.provider = null
	ssl.enabled.protocols = [TLSv1.2, TLSv1.1, TLSv1]
	batch.size = 16384
	ssl.keystore.location = null
	ssl.cipher.suites = null
	security.protocol = PLAINTEXT
	max.request.size = 1048576
	value.serializer = class org.apache.kafka.common.serialization.StringSerializer
	ssl.keymanager.algorithm = SunX509
	metrics.sample.window.ms = 30000
	partitioner.class = class org.apache.kafka.clients.producer.internals.DefaultPartitioner
	linger.ms = 0

2018-10-27 15:45:29.683  INFO 17704 --- [main] o.a.kafka.common.utils.AppInfoParser     : Kafka version : 0.10.0.1
2018-10-27 15:45:29.683  INFO 17704 --- [main] o.a.kafka.common.utils.AppInfoParser     : Kafka commitId : a7a17cdec9eaa6c5
2018-10-27 15:45:29.947  WARN 17704 --- [kafka-producer-network-thread | producer-1] org.apache.kafka.clients.NetworkClient   : Error while fetching metadata with correlation id 0 : {merchants-template=LEADER_NOT_AVAILABLE}
2018-10-27 15:45:30.041  WARN 17704 --- [kafka-producer-network-thread | producer-1] org.apache.kafka.clients.NetworkClient   : Error while fetching metadata with correlation id 1 : {merchants-template=LEADER_NOT_AVAILABLE}
2018-10-27 15:45:30.186  INFO 17704 --- [main] c.i.p.m.service.impl.MerchantsServImpl   : DropPassTemplates:{"background":2,"desc":"详情：重庆大学","end":1541490329270,"hasToken":false,"id":17,"limit":10000,"start":1540626329270,"summary":"简介：重庆大学","title":"title:重庆大学"}
2018-10-27 15:45:30.193  INFO 17704 --- [Thread-3] s.c.a.AnnotationConfigApplicationContext : Closing org.springframework.context.annotation.AnnotationConfigApplicationContext@60bd273d: startup date [Sat Oct 27 15:45:25 CST 2018]; root of context hierarchy
2018-10-27 15:45:30.194  INFO 17704 --- [Thread-3] o.s.c.support.DefaultLifecycleProcessor  : Stopping beans in phase 2147483647
2018-10-27 15:45:30.195  INFO 17704 --- [Thread-3] o.s.c.support.DefaultLifecycleProcessor  : Stopping beans in phase 0
2018-10-27 15:45:30.195  INFO 17704 --- [Thread-3] o.a.k.clients.producer.KafkaProducer     : Closing the Kafka producer with timeoutMillis = 9223372036854775807 ms.
2018-10-27 15:45:30.292  INFO 17704 --- [Thread-3] j.LocalContainerEntityManagerFactoryBean : Closing JPA EntityManagerFactory for persistence unit 'default'
2018-10-27 15:57:37.224  INFO 18284 --- [main] c.i.p.m.service.MerchantsServTest        : Starting MerchantsServTest on DESKTOP-CVU2035 with PID 18284 (started by AugustRush in D:\MyPro\idea_pro)
2018-10-27 15:57:37.225  INFO 18284 --- [main] c.i.p.m.service.MerchantsServTest        : No active profile set, falling back to default profiles: default
2018-10-27 15:57:37.263  INFO 18284 --- [main] s.c.a.AnnotationConfigApplicationContext : Refreshing org.springframework.context.annotation.AnnotationConfigApplicationContext@60bd273d: startup date [Sat Oct 27 15:57:37 CST 2018]; root of context hierarchy
2018-10-27 15:57:38.296  INFO 18284 --- [main] trationDelegate$BeanPostProcessorChecker : Bean 'org.springframework.kafka.annotation.KafkaBootstrapConfiguration' of type [org.springframework.kafka.annotation.KafkaBootstrapConfiguration$$EnhancerBySpringCGLIB$$be1d988] is not eligible for getting processed by all BeanPostProcessors (for example: not eligible for auto-proxying)
2018-10-27 15:57:39.046  INFO 18284 --- [main] j.LocalContainerEntityManagerFactoryBean : Building JPA container EntityManagerFactory for persistence unit 'default'
2018-10-27 15:57:39.058  INFO 18284 --- [main] o.hibernate.jpa.internal.util.LogHelper  : HHH000204: Processing PersistenceUnitInfo [
	name: default
	...]
2018-10-27 15:57:39.120  INFO 18284 --- [main] org.hibernate.Version                    : HHH000412: Hibernate Core {5.0.12.Final}
2018-10-27 15:57:39.121  INFO 18284 --- [main] org.hibernate.cfg.Environment            : HHH000206: hibernate.properties not found
2018-10-27 15:57:39.123  INFO 18284 --- [main] org.hibernate.cfg.Environment            : HHH000021: Bytecode provider name : javassist
2018-10-27 15:57:39.168  INFO 18284 --- [main] o.hibernate.annotations.common.Version   : HCANN000001: Hibernate Commons Annotations {5.0.1.Final}
2018-10-27 15:57:39.255  INFO 18284 --- [main] org.hibernate.dialect.Dialect            : HHH000400: Using dialect: org.hibernate.dialect.MySQL5Dialect
2018-10-27 15:57:39.751  INFO 18284 --- [main] j.LocalContainerEntityManagerFactoryBean : Initialized JPA EntityManagerFactory for persistence unit 'default'
2018-10-27 15:57:40.278  INFO 18284 --- [main] o.s.c.support.DefaultLifecycleProcessor  : Starting beans in phase 2147483647
2018-10-27 15:57:40.286  INFO 18284 --- [main] c.i.p.m.service.MerchantsServTest        : Started MerchantsServTest in 3.525 seconds (JVM running for 4.402)
2018-10-27 15:57:40.333  INFO 18284 --- [main] o.h.h.i.QueryTranslatorFactoryInitiator  : HHH000397: Using ASTQueryTranslatorFactory
2018-10-27 15:57:40.527  INFO 18284 --- [main] o.a.k.clients.producer.ProducerConfig    : ProducerConfig values: 
	metric.reporters = []
	metadata.max.age.ms = 300000
	reconnect.backoff.ms = 50
	sasl.kerberos.ticket.renew.window.factor = 0.8
	bootstrap.servers = [127.0.0.1:9092]
	ssl.keystore.type = JKS
	sasl.mechanism = GSSAPI
	max.block.ms = 60000
	interceptor.classes = null
	ssl.truststore.password = null
	client.id = 
	ssl.endpoint.identification.algorithm = null
	request.timeout.ms = 30000
	acks = 1
	receive.buffer.bytes = 32768
	ssl.truststore.type = JKS
	retries = 0
	ssl.truststore.location = null
	ssl.keystore.password = null
	send.buffer.bytes = 131072
	compression.type = none
	metadata.fetch.timeout.ms = 60000
	retry.backoff.ms = 100
	sasl.kerberos.kinit.cmd = /usr/bin/kinit
	buffer.memory = 33554432
	timeout.ms = 30000
	key.serializer = class org.apache.kafka.common.serialization.StringSerializer
	sasl.kerberos.service.name = null
	sasl.kerberos.ticket.renew.jitter = 0.05
	ssl.trustmanager.algorithm = PKIX
	block.on.buffer.full = false
	ssl.key.password = null
	sasl.kerberos.min.time.before.relogin = 60000
	connections.max.idle.ms = 540000
	max.in.flight.requests.per.connection = 5
	metrics.num.samples = 2
	ssl.protocol = TLS
	ssl.provider = null
	ssl.enabled.protocols = [TLSv1.2, TLSv1.1, TLSv1]
	batch.size = 16384
	ssl.keystore.location = null
	ssl.cipher.suites = null
	security.protocol = PLAINTEXT
	max.request.size = 1048576
	value.serializer = class org.apache.kafka.common.serialization.StringSerializer
	ssl.keymanager.algorithm = SunX509
	metrics.sample.window.ms = 30000
	partitioner.class = class org.apache.kafka.clients.producer.internals.DefaultPartitioner
	linger.ms = 0

2018-10-27 15:57:40.561  INFO 18284 --- [main] o.a.k.clients.producer.ProducerConfig    : ProducerConfig values: 
	metric.reporters = []
	metadata.max.age.ms = 300000
	reconnect.backoff.ms = 50
	sasl.kerberos.ticket.renew.window.factor = 0.8
	bootstrap.servers = [127.0.0.1:9092]
	ssl.keystore.type = JKS
	sasl.mechanism = GSSAPI
	max.block.ms = 60000
	interceptor.classes = null
	ssl.truststore.password = null
	client.id = producer-1
	ssl.endpoint.identification.algorithm = null
	request.timeout.ms = 30000
	acks = 1
	receive.buffer.bytes = 32768
	ssl.truststore.type = JKS
	retries = 0
	ssl.truststore.location = null
	ssl.keystore.password = null
	send.buffer.bytes = 131072
	compression.type = none
	metadata.fetch.timeout.ms = 60000
	retry.backoff.ms = 100
	sasl.kerberos.kinit.cmd = /usr/bin/kinit
	buffer.memory = 33554432
	timeout.ms = 30000
	key.serializer = class org.apache.kafka.common.serialization.StringSerializer
	sasl.kerberos.service.name = null
	sasl.kerberos.ticket.renew.jitter = 0.05
	ssl.trustmanager.algorithm = PKIX
	block.on.buffer.full = false
	ssl.key.password = null
	sasl.kerberos.min.time.before.relogin = 60000
	connections.max.idle.ms = 540000
	max.in.flight.requests.per.connection = 5
	metrics.num.samples = 2
	ssl.protocol = TLS
	ssl.provider = null
	ssl.enabled.protocols = [TLSv1.2, TLSv1.1, TLSv1]
	batch.size = 16384
	ssl.keystore.location = null
	ssl.cipher.suites = null
	security.protocol = PLAINTEXT
	max.request.size = 1048576
	value.serializer = class org.apache.kafka.common.serialization.StringSerializer
	ssl.keymanager.algorithm = SunX509
	metrics.sample.window.ms = 30000
	partitioner.class = class org.apache.kafka.clients.producer.internals.DefaultPartitioner
	linger.ms = 0

2018-10-27 15:57:40.563  INFO 18284 --- [main] o.a.kafka.common.utils.AppInfoParser     : Kafka version : 0.10.0.1
2018-10-27 15:57:40.563  INFO 18284 --- [main] o.a.kafka.common.utils.AppInfoParser     : Kafka commitId : a7a17cdec9eaa6c5
2018-10-27 15:57:40.695  INFO 18284 --- [main] c.i.p.m.service.impl.MerchantsServImpl   : DropPassTemplates:{"background":2,"desc":"详情：重庆大学","end":1541491060314,"hasToken":false,"id":17,"limit":10000,"start":1540627060314,"summary":"简介：重庆大学","title":"title:重庆大学"}
2018-10-27 15:57:40.761  INFO 18284 --- [Thread-3] s.c.a.AnnotationConfigApplicationContext : Closing org.springframework.context.annotation.AnnotationConfigApplicationContext@60bd273d: startup date [Sat Oct 27 15:57:37 CST 2018]; root of context hierarchy
2018-10-27 15:57:40.762  INFO 18284 --- [Thread-3] o.s.c.support.DefaultLifecycleProcessor  : Stopping beans in phase 2147483647
2018-10-27 15:57:40.762  INFO 18284 --- [Thread-3] o.s.c.support.DefaultLifecycleProcessor  : Stopping beans in phase 0
2018-10-27 15:57:40.763  INFO 18284 --- [Thread-3] o.a.k.clients.producer.KafkaProducer     : Closing the Kafka producer with timeoutMillis = 9223372036854775807 ms.
2018-10-27 15:57:40.765  INFO 18284 --- [Thread-3] j.LocalContainerEntityManagerFactoryBean : Closing JPA EntityManagerFactory for persistence unit 'default'
2018-10-27 16:06:34.674  INFO 2132 --- [main] c.i.p.m.service.MerchantsServTest        : Starting MerchantsServTest on DESKTOP-CVU2035 with PID 2132 (started by AugustRush in D:\MyPro\idea_pro)
2018-10-27 16:06:34.675  INFO 2132 --- [main] c.i.p.m.service.MerchantsServTest        : No active profile set, falling back to default profiles: default
2018-10-27 16:06:34.702  INFO 2132 --- [main] s.c.a.AnnotationConfigApplicationContext : Refreshing org.springframework.context.annotation.AnnotationConfigApplicationContext@60bd273d: startup date [Sat Oct 27 16:06:34 CST 2018]; root of context hierarchy
2018-10-27 16:06:35.695  INFO 2132 --- [main] trationDelegate$BeanPostProcessorChecker : Bean 'org.springframework.kafka.annotation.KafkaBootstrapConfiguration' of type [org.springframework.kafka.annotation.KafkaBootstrapConfiguration$$EnhancerBySpringCGLIB$$84a50068] is not eligible for getting processed by all BeanPostProcessors (for example: not eligible for auto-proxying)
2018-10-27 16:06:36.326  INFO 2132 --- [main] j.LocalContainerEntityManagerFactoryBean : Building JPA container EntityManagerFactory for persistence unit 'default'
2018-10-27 16:06:36.338  INFO 2132 --- [main] o.hibernate.jpa.internal.util.LogHelper  : HHH000204: Processing PersistenceUnitInfo [
	name: default
	...]
2018-10-27 16:06:36.392  INFO 2132 --- [main] org.hibernate.Version                    : HHH000412: Hibernate Core {5.0.12.Final}
2018-10-27 16:06:36.393  INFO 2132 --- [main] org.hibernate.cfg.Environment            : HHH000206: hibernate.properties not found
2018-10-27 16:06:36.394  INFO 2132 --- [main] org.hibernate.cfg.Environment            : HHH000021: Bytecode provider name : javassist
2018-10-27 16:06:36.432  INFO 2132 --- [main] o.hibernate.annotations.common.Version   : HCANN000001: Hibernate Commons Annotations {5.0.1.Final}
2018-10-27 16:06:36.625  INFO 2132 --- [main] org.hibernate.dialect.Dialect            : HHH000400: Using dialect: org.hibernate.dialect.MySQL5Dialect
2018-10-27 16:06:37.109  INFO 2132 --- [main] j.LocalContainerEntityManagerFactoryBean : Initialized JPA EntityManagerFactory for persistence unit 'default'
2018-10-27 16:06:37.781  INFO 2132 --- [main] o.s.c.support.DefaultLifecycleProcessor  : Starting beans in phase 2147483647
2018-10-27 16:06:37.790  INFO 2132 --- [main] c.i.p.m.service.MerchantsServTest        : Started MerchantsServTest in 3.493 seconds (JVM running for 4.258)
2018-10-27 16:06:37.874  INFO 2132 --- [main] o.h.h.i.QueryTranslatorFactoryInitiator  : HHH000397: Using ASTQueryTranslatorFactory
2018-10-27 16:06:38.153  INFO 2132 --- [main] o.a.k.clients.producer.ProducerConfig    : ProducerConfig values: 
	metric.reporters = []
	metadata.max.age.ms = 300000
	reconnect.backoff.ms = 50
	sasl.kerberos.ticket.renew.window.factor = 0.8
	bootstrap.servers = [127.0.0.1:9092]
	ssl.keystore.type = JKS
	sasl.mechanism = GSSAPI
	max.block.ms = 60000
	interceptor.classes = null
	ssl.truststore.password = null
	client.id = 
	ssl.endpoint.identification.algorithm = null
	request.timeout.ms = 30000
	acks = 1
	receive.buffer.bytes = 32768
	ssl.truststore.type = JKS
	retries = 0
	ssl.truststore.location = null
	ssl.keystore.password = null
	send.buffer.bytes = 131072
	compression.type = none
	metadata.fetch.timeout.ms = 60000
	retry.backoff.ms = 100
	sasl.kerberos.kinit.cmd = /usr/bin/kinit
	buffer.memory = 33554432
	timeout.ms = 30000
	key.serializer = class org.apache.kafka.common.serialization.StringSerializer
	sasl.kerberos.service.name = null
	sasl.kerberos.ticket.renew.jitter = 0.05
	ssl.trustmanager.algorithm = PKIX
	block.on.buffer.full = false
	ssl.key.password = null
	sasl.kerberos.min.time.before.relogin = 60000
	connections.max.idle.ms = 540000
	max.in.flight.requests.per.connection = 5
	metrics.num.samples = 2
	ssl.protocol = TLS
	ssl.provider = null
	ssl.enabled.protocols = [TLSv1.2, TLSv1.1, TLSv1]
	batch.size = 16384
	ssl.keystore.location = null
	ssl.cipher.suites = null
	security.protocol = PLAINTEXT
	max.request.size = 1048576
	value.serializer = class org.apache.kafka.common.serialization.StringSerializer
	ssl.keymanager.algorithm = SunX509
	metrics.sample.window.ms = 30000
	partitioner.class = class org.apache.kafka.clients.producer.internals.DefaultPartitioner
	linger.ms = 0

2018-10-27 16:06:38.193  INFO 2132 --- [main] o.a.k.clients.producer.ProducerConfig    : ProducerConfig values: 
	metric.reporters = []
	metadata.max.age.ms = 300000
	reconnect.backoff.ms = 50
	sasl.kerberos.ticket.renew.window.factor = 0.8
	bootstrap.servers = [127.0.0.1:9092]
	ssl.keystore.type = JKS
	sasl.mechanism = GSSAPI
	max.block.ms = 60000
	interceptor.classes = null
	ssl.truststore.password = null
	client.id = producer-1
	ssl.endpoint.identification.algorithm = null
	request.timeout.ms = 30000
	acks = 1
	receive.buffer.bytes = 32768
	ssl.truststore.type = JKS
	retries = 0
	ssl.truststore.location = null
	ssl.keystore.password = null
	send.buffer.bytes = 131072
	compression.type = none
	metadata.fetch.timeout.ms = 60000
	retry.backoff.ms = 100
	sasl.kerberos.kinit.cmd = /usr/bin/kinit
	buffer.memory = 33554432
	timeout.ms = 30000
	key.serializer = class org.apache.kafka.common.serialization.StringSerializer
	sasl.kerberos.service.name = null
	sasl.kerberos.ticket.renew.jitter = 0.05
	ssl.trustmanager.algorithm = PKIX
	block.on.buffer.full = false
	ssl.key.password = null
	sasl.kerberos.min.time.before.relogin = 60000
	connections.max.idle.ms = 540000
	max.in.flight.requests.per.connection = 5
	metrics.num.samples = 2
	ssl.protocol = TLS
	ssl.provider = null
	ssl.enabled.protocols = [TLSv1.2, TLSv1.1, TLSv1]
	batch.size = 16384
	ssl.keystore.location = null
	ssl.cipher.suites = null
	security.protocol = PLAINTEXT
	max.request.size = 1048576
	value.serializer = class org.apache.kafka.common.serialization.StringSerializer
	ssl.keymanager.algorithm = SunX509
	metrics.sample.window.ms = 30000
	partitioner.class = class org.apache.kafka.clients.producer.internals.DefaultPartitioner
	linger.ms = 0

2018-10-27 16:06:38.195  INFO 2132 --- [main] o.a.kafka.common.utils.AppInfoParser     : Kafka version : 0.10.0.1
2018-10-27 16:06:38.195  INFO 2132 --- [main] o.a.kafka.common.utils.AppInfoParser     : Kafka commitId : a7a17cdec9eaa6c5
2018-10-27 16:06:38.330  INFO 2132 --- [main] c.i.p.m.service.impl.MerchantsServImpl   : DropPassTemplates:{"background":2,"desc":"详情：重庆大学","end":1541491597829,"hasToken":false,"id":17,"limit":10000,"start":1540627597829,"summary":"简介：重庆大学","title":"title:重庆大学"}
2018-10-27 16:06:38.341  INFO 2132 --- [Thread-3] s.c.a.AnnotationConfigApplicationContext : Closing org.springframework.context.annotation.AnnotationConfigApplicationContext@60bd273d: startup date [Sat Oct 27 16:06:34 CST 2018]; root of context hierarchy
2018-10-27 16:06:38.342  INFO 2132 --- [Thread-3] o.s.c.support.DefaultLifecycleProcessor  : Stopping beans in phase 2147483647
2018-10-27 16:06:38.342  INFO 2132 --- [Thread-3] o.s.c.support.DefaultLifecycleProcessor  : Stopping beans in phase 0
2018-10-27 16:06:38.342  INFO 2132 --- [Thread-3] o.a.k.clients.producer.KafkaProducer     : Closing the Kafka producer with timeoutMillis = 9223372036854775807 ms.
2018-10-27 16:06:38.361  INFO 2132 --- [Thread-3] j.LocalContainerEntityManagerFactoryBean : Closing JPA EntityManagerFactory for persistence unit 'default'
2018-10-27 16:35:26.805  INFO 5248 --- [main] c.i.p.merchants.MerchantsApplication     : Starting MerchantsApplication on DESKTOP-CVU2035 with PID 5248 (D:\MyPro\idea_pro\target\classes started by AugustRush in D:\MyPro\idea_pro)
2018-10-27 16:35:26.806  INFO 5248 --- [main] c.i.p.merchants.MerchantsApplication     : No active profile set, falling back to default profiles: default
2018-10-27 16:35:26.862  INFO 5248 --- [main] ationConfigEmbeddedWebApplicationContext : Refreshing org.springframework.boot.context.embedded.AnnotationConfigEmbeddedWebApplicationContext@353d0772: startup date [Sat Oct 27 16:35:26 CST 2018]; root of context hierarchy
2018-10-27 16:35:27.890  INFO 5248 --- [main] trationDelegate$BeanPostProcessorChecker : Bean 'org.springframework.kafka.annotation.KafkaBootstrapConfiguration' of type [org.springframework.kafka.annotation.KafkaBootstrapConfiguration$$EnhancerBySpringCGLIB$$f0541139] is not eligible for getting processed by all BeanPostProcessors (for example: not eligible for auto-proxying)
2018-10-27 16:35:28.328  INFO 5248 --- [main] s.b.c.e.t.TomcatEmbeddedServletContainer : Tomcat initialized with port(s): 9527 (http)
2018-10-27 16:35:28.357  INFO 5248 --- [main] o.apache.catalina.core.StandardService   : Starting service Tomcat
2018-10-27 16:35:28.358  INFO 5248 --- [main] org.apache.catalina.core.StandardEngine  : Starting Servlet Engine: Apache Tomcat/8.5.14
2018-10-27 16:35:28.536  INFO 5248 --- [localhost-startStop-1] o.a.c.c.C.[Tomcat].[localhost].[/]       : Initializing Spring embedded WebApplicationContext
2018-10-27 16:35:28.536  INFO 5248 --- [localhost-startStop-1] o.s.web.context.ContextLoader            : Root WebApplicationContext: initialization completed in 1678 ms
2018-10-27 16:35:28.667  INFO 5248 --- [localhost-startStop-1] o.s.b.w.servlet.ServletRegistrationBean  : Mapping servlet: 'dispatcherServlet' to [/]
2018-10-27 16:35:28.670  INFO 5248 --- [localhost-startStop-1] o.s.b.w.servlet.FilterRegistrationBean   : Mapping filter: 'characterEncodingFilter' to: [/*]
2018-10-27 16:35:28.671  INFO 5248 --- [localhost-startStop-1] o.s.b.w.servlet.FilterRegistrationBean   : Mapping filter: 'hiddenHttpMethodFilter' to: [/*]
2018-10-27 16:35:28.671  INFO 5248 --- [localhost-startStop-1] o.s.b.w.servlet.FilterRegistrationBean   : Mapping filter: 'httpPutFormContentFilter' to: [/*]
2018-10-27 16:35:28.671  INFO 5248 --- [localhost-startStop-1] o.s.b.w.servlet.FilterRegistrationBean   : Mapping filter: 'requestContextFilter' to: [/*]
2018-10-27 16:35:29.110  INFO 5248 --- [main] j.LocalContainerEntityManagerFactoryBean : Building JPA container EntityManagerFactory for persistence unit 'default'
2018-10-27 16:35:29.127  INFO 5248 --- [main] o.hibernate.jpa.internal.util.LogHelper  : HHH000204: Processing PersistenceUnitInfo [
	name: default
	...]
2018-10-27 16:35:29.196  INFO 5248 --- [main] org.hibernate.Version                    : HHH000412: Hibernate Core {5.0.12.Final}
2018-10-27 16:35:29.197  INFO 5248 --- [main] org.hibernate.cfg.Environment            : HHH000206: hibernate.properties not found
2018-10-27 16:35:29.199  INFO 5248 --- [main] org.hibernate.cfg.Environment            : HHH000021: Bytecode provider name : javassist
2018-10-27 16:35:29.236  INFO 5248 --- [main] o.hibernate.annotations.common.Version   : HCANN000001: Hibernate Commons Annotations {5.0.1.Final}
2018-10-27 16:35:29.428  INFO 5248 --- [main] org.hibernate.dialect.Dialect            : HHH000400: Using dialect: org.hibernate.dialect.MySQL5Dialect
2018-10-27 16:35:29.745  INFO 5248 --- [main] j.LocalContainerEntityManagerFactoryBean : Initialized JPA EntityManagerFactory for persistence unit 'default'
2018-10-27 16:35:30.190  INFO 5248 --- [main] s.w.s.m.m.a.RequestMappingHandlerAdapter : Looking for @ControllerAdvice: org.springframework.boot.context.embedded.AnnotationConfigEmbeddedWebApplicationContext@353d0772: startup date [Sat Oct 27 16:35:26 CST 2018]; root of context hierarchy
2018-10-27 16:35:30.258  INFO 5248 --- [main] s.w.s.m.m.a.RequestMappingHandlerMapping : Mapped "{[/merchants/create],methods=[POST]}" onto public com.imooc.passbook.merchants.vo.Response com.imooc.passbook.merchants.controller.MerchantsCtl.createMerchants(com.imooc.passbook.merchants.vo.CreateMerchantsRequest)
2018-10-27 16:35:30.259  INFO 5248 --- [main] s.w.s.m.m.a.RequestMappingHandlerMapping : Mapped "{[/merchants/drop],methods=[POST]}" onto public com.imooc.passbook.merchants.vo.Response com.imooc.passbook.merchants.controller.MerchantsCtl.dropPassTemplate(com.imooc.passbook.merchants.vo.PassTemplate)
2018-10-27 16:35:30.259  INFO 5248 --- [main] s.w.s.m.m.a.RequestMappingHandlerMapping : Mapped "{[/merchants/{id}],methods=[GET]}" onto public com.imooc.passbook.merchants.vo.Response com.imooc.passbook.merchants.controller.MerchantsCtl.buildMerchantsInfo(java.lang.Integer)
2018-10-27 16:35:30.261  INFO 5248 --- [main] s.w.s.m.m.a.RequestMappingHandlerMapping : Mapped "{[/error]}" onto public org.springframework.http.ResponseEntity<java.util.Map<java.lang.String, java.lang.Object>> org.springframework.boot.autoconfigure.web.BasicErrorController.error(javax.servlet.http.HttpServletRequest)
2018-10-27 16:35:30.261  INFO 5248 --- [main] s.w.s.m.m.a.RequestMappingHandlerMapping : Mapped "{[/error],produces=[text/html]}" onto public org.springframework.web.servlet.ModelAndView org.springframework.boot.autoconfigure.web.BasicErrorController.errorHtml(javax.servlet.http.HttpServletRequest,javax.servlet.http.HttpServletResponse)
2018-10-27 16:35:30.287  INFO 5248 --- [main] o.s.w.s.handler.SimpleUrlHandlerMapping  : Mapped URL path [/webjars/**] onto handler of type [class org.springframework.web.servlet.resource.ResourceHttpRequestHandler]
2018-10-27 16:35:30.287  INFO 5248 --- [main] o.s.w.s.handler.SimpleUrlHandlerMapping  : Mapped URL path [/**] onto handler of type [class org.springframework.web.servlet.resource.ResourceHttpRequestHandler]
2018-10-27 16:35:30.328  INFO 5248 --- [main] o.s.w.s.handler.SimpleUrlHandlerMapping  : Mapped URL path [/**/favicon.ico] onto handler of type [class org.springframework.web.servlet.resource.ResourceHttpRequestHandler]
2018-10-27 16:35:30.518  INFO 5248 --- [main] o.s.j.e.a.AnnotationMBeanExporter        : Registering beans for JMX exposure on startup
2018-10-27 16:35:30.522  INFO 5248 --- [main] o.s.c.support.DefaultLifecycleProcessor  : Starting beans in phase 2147483647
2018-10-27 16:35:30.559  INFO 5248 --- [main] s.b.c.e.t.TomcatEmbeddedServletContainer : Tomcat started on port(s): 9527 (http)
2018-10-27 16:35:30.563  INFO 5248 --- [main] c.i.p.merchants.MerchantsApplication     : Started MerchantsApplication in 4.34 seconds (JVM running for 4.723)
2018-10-27 16:38:04.818  INFO 5248 --- [http-nio-9527-exec-1] o.a.c.c.C.[Tomcat].[localhost].[/]       : Initializing Spring FrameworkServlet 'dispatcherServlet'
2018-10-27 16:38:04.819  INFO 5248 --- [http-nio-9527-exec-1] o.s.web.servlet.DispatcherServlet        : FrameworkServlet 'dispatcherServlet': initialization started
2018-10-27 16:38:04.840  INFO 5248 --- [http-nio-9527-exec-1] o.s.web.servlet.DispatcherServlet        : FrameworkServlet 'dispatcherServlet': initialization completed in 21 ms
2018-10-27 16:38:04.890  INFO 5248 --- [http-nio-9527-exec-1] c.i.p.merchants.controller.MerchantsCtl  : BuildMerchantsInfo:17
2018-10-27 16:38:04.910  INFO 5248 --- [http-nio-9527-exec-1] o.h.h.i.QueryTranslatorFactoryInitiator  : HHH000397: Using ASTQueryTranslatorFactory
2018-10-27 16:45:56.549  INFO 6736 --- [main] c.i.p.merchants.MerchantsApplication     : Starting MerchantsApplication on DESKTOP-CVU2035 with PID 6736 (D:\MyPro\idea_pro\target\classes started by AugustRush in D:\MyPro\idea_pro)
2018-10-27 16:45:56.552  INFO 6736 --- [main] c.i.p.merchants.MerchantsApplication     : No active profile set, falling back to default profiles: default
2018-10-27 16:45:56.600  INFO 6736 --- [main] ationConfigEmbeddedWebApplicationContext : Refreshing org.springframework.boot.context.embedded.AnnotationConfigEmbeddedWebApplicationContext@353d0772: startup date [Sat Oct 27 16:45:56 CST 2018]; root of context hierarchy
2018-10-27 16:45:57.906  INFO 6736 --- [main] trationDelegate$BeanPostProcessorChecker : Bean 'org.springframework.kafka.annotation.KafkaBootstrapConfiguration' of type [org.springframework.kafka.annotation.KafkaBootstrapConfiguration$$EnhancerBySpringCGLIB$$f0541139] is not eligible for getting processed by all BeanPostProcessors (for example: not eligible for auto-proxying)
2018-10-27 16:45:58.425  INFO 6736 --- [main] s.b.c.e.t.TomcatEmbeddedServletContainer : Tomcat initialized with port(s): 9527 (http)
2018-10-27 16:45:58.437  INFO 6736 --- [main] o.apache.catalina.core.StandardService   : Starting service Tomcat
2018-10-27 16:45:58.438  INFO 6736 --- [main] org.apache.catalina.core.StandardEngine  : Starting Servlet Engine: Apache Tomcat/8.5.14
2018-10-27 16:45:58.558  INFO 6736 --- [localhost-startStop-1] o.a.c.c.C.[Tomcat].[localhost].[/]       : Initializing Spring embedded WebApplicationContext
2018-10-27 16:45:58.558  INFO 6736 --- [localhost-startStop-1] o.s.web.context.ContextLoader            : Root WebApplicationContext: initialization completed in 1962 ms
2018-10-27 16:45:58.718  INFO 6736 --- [localhost-startStop-1] o.s.b.w.servlet.ServletRegistrationBean  : Mapping servlet: 'dispatcherServlet' to [/]
2018-10-27 16:45:58.722  INFO 6736 --- [localhost-startStop-1] o.s.b.w.servlet.FilterRegistrationBean   : Mapping filter: 'characterEncodingFilter' to: [/*]
2018-10-27 16:45:58.723  INFO 6736 --- [localhost-startStop-1] o.s.b.w.servlet.FilterRegistrationBean   : Mapping filter: 'hiddenHttpMethodFilter' to: [/*]
2018-10-27 16:45:58.723  INFO 6736 --- [localhost-startStop-1] o.s.b.w.servlet.FilterRegistrationBean   : Mapping filter: 'httpPutFormContentFilter' to: [/*]
2018-10-27 16:45:58.723  INFO 6736 --- [localhost-startStop-1] o.s.b.w.servlet.FilterRegistrationBean   : Mapping filter: 'requestContextFilter' to: [/*]
2018-10-27 16:45:59.176  INFO 6736 --- [main] j.LocalContainerEntityManagerFactoryBean : Building JPA container EntityManagerFactory for persistence unit 'default'
2018-10-27 16:45:59.192  INFO 6736 --- [main] o.hibernate.jpa.internal.util.LogHelper  : HHH000204: Processing PersistenceUnitInfo [
	name: default
	...]
2018-10-27 16:45:59.247  INFO 6736 --- [main] org.hibernate.Version                    : HHH000412: Hibernate Core {5.0.12.Final}
2018-10-27 16:45:59.249  INFO 6736 --- [main] org.hibernate.cfg.Environment            : HHH000206: hibernate.properties not found
2018-10-27 16:45:59.251  INFO 6736 --- [main] org.hibernate.cfg.Environment            : HHH000021: Bytecode provider name : javassist
2018-10-27 16:45:59.284  INFO 6736 --- [main] o.hibernate.annotations.common.Version   : HCANN000001: Hibernate Commons Annotations {5.0.1.Final}
2018-10-27 16:45:59.430  INFO 6736 --- [main] org.hibernate.dialect.Dialect            : HHH000400: Using dialect: org.hibernate.dialect.MySQL5Dialect
2018-10-27 16:45:59.718  INFO 6736 --- [main] j.LocalContainerEntityManagerFactoryBean : Initialized JPA EntityManagerFactory for persistence unit 'default'
2018-10-27 16:46:00.185  INFO 6736 --- [main] s.w.s.m.m.a.RequestMappingHandlerAdapter : Looking for @ControllerAdvice: org.springframework.boot.context.embedded.AnnotationConfigEmbeddedWebApplicationContext@353d0772: startup date [Sat Oct 27 16:45:56 CST 2018]; root of context hierarchy
2018-10-27 16:46:00.242  INFO 6736 --- [main] s.w.s.m.m.a.RequestMappingHandlerMapping : Mapped "{[/merchants/drop],methods=[POST]}" onto public com.imooc.passbook.merchants.vo.Response com.imooc.passbook.merchants.controller.MerchantsCtl.dropPassTemplate(com.imooc.passbook.merchants.vo.PassTemplate)
2018-10-27 16:46:00.243  INFO 6736 --- [main] s.w.s.m.m.a.RequestMappingHandlerMapping : Mapped "{[/merchants/create],methods=[POST]}" onto public com.imooc.passbook.merchants.vo.Response com.imooc.passbook.merchants.controller.MerchantsCtl.createMerchants(com.imooc.passbook.merchants.vo.CreateMerchantsRequest)
2018-10-27 16:46:00.243  INFO 6736 --- [main] s.w.s.m.m.a.RequestMappingHandlerMapping : Mapped "{[/merchants/{id}],methods=[GET]}" onto public com.imooc.passbook.merchants.vo.Response com.imooc.passbook.merchants.controller.MerchantsCtl.buildMerchantsInfo(java.lang.Integer)
2018-10-27 16:46:00.245  INFO 6736 --- [main] s.w.s.m.m.a.RequestMappingHandlerMapping : Mapped "{[/error]}" onto public org.springframework.http.ResponseEntity<java.util.Map<java.lang.String, java.lang.Object>> org.springframework.boot.autoconfigure.web.BasicErrorController.error(javax.servlet.http.HttpServletRequest)
2018-10-27 16:46:00.245  INFO 6736 --- [main] s.w.s.m.m.a.RequestMappingHandlerMapping : Mapped "{[/error],produces=[text/html]}" onto public org.springframework.web.servlet.ModelAndView org.springframework.boot.autoconfigure.web.BasicErrorController.errorHtml(javax.servlet.http.HttpServletRequest,javax.servlet.http.HttpServletResponse)
2018-10-27 16:46:00.268  INFO 6736 --- [main] o.s.w.s.handler.SimpleUrlHandlerMapping  : Mapped URL path [/webjars/**] onto handler of type [class org.springframework.web.servlet.resource.ResourceHttpRequestHandler]
2018-10-27 16:46:00.269  INFO 6736 --- [main] o.s.w.s.handler.SimpleUrlHandlerMapping  : Mapped URL path [/**] onto handler of type [class org.springframework.web.servlet.resource.ResourceHttpRequestHandler]
2018-10-27 16:46:00.301  INFO 6736 --- [main] o.s.w.s.handler.SimpleUrlHandlerMapping  : Mapped URL path [/**/favicon.ico] onto handler of type [class org.springframework.web.servlet.resource.ResourceHttpRequestHandler]
2018-10-27 16:46:00.506  INFO 6736 --- [main] o.s.j.e.a.AnnotationMBeanExporter        : Registering beans for JMX exposure on startup
2018-10-27 16:46:00.512  INFO 6736 --- [main] o.s.c.support.DefaultLifecycleProcessor  : Starting beans in phase 2147483647
2018-10-27 16:46:00.555  INFO 6736 --- [main] s.b.c.e.t.TomcatEmbeddedServletContainer : Tomcat started on port(s): 9527 (http)
2018-10-27 16:46:00.559  INFO 6736 --- [main] c.i.p.merchants.MerchantsApplication     : Started MerchantsApplication in 4.343 seconds (JVM running for 4.745)
2018-10-27 16:46:09.224  INFO 6736 --- [http-nio-9527-exec-2] o.a.c.c.C.[Tomcat].[localhost].[/]       : Initializing Spring FrameworkServlet 'dispatcherServlet'
2018-10-27 16:46:09.224  INFO 6736 --- [http-nio-9527-exec-2] o.s.web.servlet.DispatcherServlet        : FrameworkServlet 'dispatcherServlet': initialization started
2018-10-27 16:46:09.242  INFO 6736 --- [http-nio-9527-exec-2] o.s.web.servlet.DispatcherServlet        : FrameworkServlet 'dispatcherServlet': initialization completed in 18 ms
2018-10-27 16:46:09.288 ERROR 6736 --- [http-nio-9527-exec-2] o.a.c.c.C.[.[.[/].[dispatcherServlet]    : Servlet.service() for servlet [dispatcherServlet] in context with path [] threw exception [Request processing failed; nested exception is java.lang.Exception: header 中缺少 token!] with root cause

java.lang.Exception: header 中缺少 token!
	at com.imooc.passbook.merchants.security.AuthCheckIntercepter.preHandle(AuthCheckIntercepter.java:23) ~[classes/:na]
	at org.springframework.web.servlet.HandlerExecutionChain.applyPreHandle(HandlerExecutionChain.java:134) ~[spring-webmvc-4.3.8.RELEASE.jar:4.3.8.RELEASE]
	at org.springframework.web.servlet.DispatcherServlet.doDispatch(DispatcherServlet.java:958) ~[spring-webmvc-4.3.8.RELEASE.jar:4.3.8.RELEASE]
	at org.springframework.web.servlet.DispatcherServlet.doService(DispatcherServlet.java:897) ~[spring-webmvc-4.3.8.RELEASE.jar:4.3.8.RELEASE]
	at org.springframework.web.servlet.FrameworkServlet.processRequest(FrameworkServlet.java:970) ~[spring-webmvc-4.3.8.RELEASE.jar:4.3.8.RELEASE]
	at org.springframework.web.servlet.FrameworkServlet.doGet(FrameworkServlet.java:861) ~[spring-webmvc-4.3.8.RELEASE.jar:4.3.8.RELEASE]
	at javax.servlet.http.HttpServlet.service(HttpServlet.java:635) ~[tomcat-embed-core-8.5.14.jar:8.5.14]
	at org.springframework.web.servlet.FrameworkServlet.service(FrameworkServlet.java:846) ~[spring-webmvc-4.3.8.RELEASE.jar:4.3.8.RELEASE]
	at javax.servlet.http.HttpServlet.service(HttpServlet.java:742) ~[tomcat-embed-core-8.5.14.jar:8.5.14]
	at org.apache.catalina.core.ApplicationFilterChain.internalDoFilter(ApplicationFilterChain.java:231) ~[tomcat-embed-core-8.5.14.jar:8.5.14]
	at org.apache.catalina.core.ApplicationFilterChain.doFilter(ApplicationFilterChain.java:166) ~[tomcat-embed-core-8.5.14.jar:8.5.14]
	at org.apache.tomcat.websocket.server.WsFilter.doFilter(WsFilter.java:52) ~[tomcat-embed-websocket-8.5.14.jar:8.5.14]
	at org.apache.catalina.core.ApplicationFilterChain.internalDoFilter(ApplicationFilterChain.java:193) ~[tomcat-embed-core-8.5.14.jar:8.5.14]
	at org.apache.catalina.core.ApplicationFilterChain.doFilter(ApplicationFilterChain.java:166) ~[tomcat-embed-core-8.5.14.jar:8.5.14]
	at org.springframework.web.filter.RequestContextFilter.doFilterInternal(RequestContextFilter.java:99) ~[spring-web-4.3.8.RELEASE.jar:4.3.8.RELEASE]
	at org.springframework.web.filter.OncePerRequestFilter.doFilter(OncePerRequestFilter.java:107) ~[spring-web-4.3.8.RELEASE.jar:4.3.8.RELEASE]
	at org.apache.catalina.core.ApplicationFilterChain.internalDoFilter(ApplicationFilterChain.java:193) ~[tomcat-embed-core-8.5.14.jar:8.5.14]
	at org.apache.catalina.core.ApplicationFilterChain.doFilter(ApplicationFilterChain.java:166) ~[tomcat-embed-core-8.5.14.jar:8.5.14]
	at org.springframework.web.filter.HttpPutFormContentFilter.doFilterInternal(HttpPutFormContentFilter.java:105) ~[spring-web-4.3.8.RELEASE.jar:4.3.8.RELEASE]
	at org.springframework.web.filter.OncePerRequestFilter.doFilter(OncePerRequestFilter.java:107) ~[spring-web-4.3.8.RELEASE.jar:4.3.8.RELEASE]
	at org.apache.catalina.core.ApplicationFilterChain.internalDoFilter(ApplicationFilterChain.java:193) ~[tomcat-embed-core-8.5.14.jar:8.5.14]
	at org.apache.catalina.core.ApplicationFilterChain.doFilter(ApplicationFilterChain.java:166) ~[tomcat-embed-core-8.5.14.jar:8.5.14]
	at org.springframework.web.filter.HiddenHttpMethodFilter.doFilterInternal(HiddenHttpMethodFilter.java:81) ~[spring-web-4.3.8.RELEASE.jar:4.3.8.RELEASE]
	at org.springframework.web.filter.OncePerRequestFilter.doFilter(OncePerRequestFilter.java:107) ~[spring-web-4.3.8.RELEASE.jar:4.3.8.RELEASE]
	at org.apache.catalina.core.ApplicationFilterChain.internalDoFilter(ApplicationFilterChain.java:193) ~[tomcat-embed-core-8.5.14.jar:8.5.14]
	at org.apache.catalina.core.ApplicationFilterChain.doFilter(ApplicationFilterChain.java:166) ~[tomcat-embed-core-8.5.14.jar:8.5.14]
	at org.springframework.web.filter.CharacterEncodingFilter.doFilterInternal(CharacterEncodingFilter.java:197) ~[spring-web-4.3.8.RELEASE.jar:4.3.8.RELEASE]
	at org.springframework.web.filter.OncePerRequestFilter.doFilter(OncePerRequestFilter.java:107) ~[spring-web-4.3.8.RELEASE.jar:4.3.8.RELEASE]
	at org.apache.catalina.core.ApplicationFilterChain.internalDoFilter(ApplicationFilterChain.java:193) ~[tomcat-embed-core-8.5.14.jar:8.5.14]
	at org.apache.catalina.core.ApplicationFilterChain.doFilter(ApplicationFilterChain.java:166) ~[tomcat-embed-core-8.5.14.jar:8.5.14]
	at org.apache.catalina.core.StandardWrapperValve.invoke(StandardWrapperValve.java:198) ~[tomcat-embed-core-8.5.14.jar:8.5.14]
	at org.apache.catalina.core.StandardContextValve.invoke(StandardContextValve.java:96) [tomcat-embed-core-8.5.14.jar:8.5.14]
	at org.apache.catalina.authenticator.AuthenticatorBase.invoke(AuthenticatorBase.java:478) [tomcat-embed-core-8.5.14.jar:8.5.14]
	at org.apache.catalina.core.StandardHostValve.invoke(StandardHostValve.java:140) [tomcat-embed-core-8.5.14.jar:8.5.14]
	at org.apache.catalina.valves.ErrorReportValve.invoke(ErrorReportValve.java:80) [tomcat-embed-core-8.5.14.jar:8.5.14]
	at org.apache.catalina.core.StandardEngineValve.invoke(StandardEngineValve.java:87) [tomcat-embed-core-8.5.14.jar:8.5.14]
	at org.apache.catalina.connector.CoyoteAdapter.service(CoyoteAdapter.java:342) [tomcat-embed-core-8.5.14.jar:8.5.14]
	at org.apache.coyote.http11.Http11Processor.service(Http11Processor.java:799) [tomcat-embed-core-8.5.14.jar:8.5.14]
	at org.apache.coyote.AbstractProcessorLight.process(AbstractProcessorLight.java:66) [tomcat-embed-core-8.5.14.jar:8.5.14]
	at org.apache.coyote.AbstractProtocol$ConnectionHandler.process(AbstractProtocol.java:861) [tomcat-embed-core-8.5.14.jar:8.5.14]
	at org.apache.tomcat.util.net.NioEndpoint$SocketProcessor.doRun(NioEndpoint.java:1455) [tomcat-embed-core-8.5.14.jar:8.5.14]
	at org.apache.tomcat.util.net.SocketProcessorBase.run(SocketProcessorBase.java:49) [tomcat-embed-core-8.5.14.jar:8.5.14]
	at java.util.concurrent.ThreadPoolExecutor.runWorker(ThreadPoolExecutor.java:1149) [na:1.8.0_181]
	at java.util.concurrent.ThreadPoolExecutor$Worker.run(ThreadPoolExecutor.java:624) [na:1.8.0_181]
	at org.apache.tomcat.util.threads.TaskThread$WrappingRunnable.run(TaskThread.java:61) [tomcat-embed-core-8.5.14.jar:8.5.14]
	at java.lang.Thread.run(Thread.java:748) [na:1.8.0_181]

2018-10-27 16:47:09.174  INFO 6736 --- [http-nio-9527-exec-1] c.i.p.merchants.controller.MerchantsCtl  : BuildMerchantsInfo:17
2018-10-27 16:47:09.196  INFO 6736 --- [http-nio-9527-exec-1] o.h.h.i.QueryTranslatorFactoryInitiator  : HHH000397: Using ASTQueryTranslatorFactory
2018-10-27 16:52:46.669  INFO 6736 --- [http-nio-9527-exec-5] c.i.p.merchants.controller.MerchantsCtl  : CreateMerchants:{"address":"重庆市","businessLicenseUrl":"haha.com","logoUrl":"www.hello.com","name":"慕课网","phone":"15223064509"}
